<?xml version="1.0" encoding="UTF-8"?>
<!-- Generated by org.testng.reporters.JUnitReportReporter -->
<testsuite skipped="0" hostname="DESKTOP-E4HEUJD" name="selenium_Small_Concepts.Data_Dataprovider" tests="3" failures="0" timestamp="2022-01-16T22:18:27 IST" time="0.007" errors="0">
  <testcase name="getData" time="0.002" classname="selenium_Small_Concepts.Data_Dataprovider"/>
  <system-out/>
  <testcase name="getData" time="0.001" classname="selenium_Small_Concepts.Data_Dataprovider"/>
  <system-out/>
  <testcase name="getData" time="0.004" classname="selenium_Small_Concepts.Data_Dataprovider"/>
  <system-out/>
</testsuite> <!-- selenium_Small_Concepts.Data_Dataprovider -->
